<?xml version="1.0" encoding="UTF-8"?>
<testng-results ignored="0" total="15" passed="12" failed="3" skipped="0">
  <reporter-output>
  </reporter-output>
  <suite started-at="2021-10-11T14:57:25 BST" name="Default suite" finished-at="2021-10-11T14:57:42 BST" duration-ms="16605">
    <groups>
    </groups>
    <test started-at="2021-10-11T14:57:25 BST" name="Default test" finished-at="2021-10-11T14:57:42 BST" duration-ms="16605">
      <class name="EzyvetTestNG.ezyvetDemoTestNG">
        <test-method is-config="true" signature="setBrowserFactory()[pri:0, instance:EzyvetTestNG.ezyvetDemoTestNG@74f0ea28]" started-at="2021-10-11T14:57:25 BST" name="setBrowserFactory" finished-at="2021-10-11T14:57:37 BST" duration-ms="11398" status="PASS">
          <reporter-output>
          </reporter-output>
        </test-method> <!-- setBrowserFactory -->
        <test-method signature="AnimalTypes()[pri:0, instance:EzyvetTestNG.ezyvetDemoTestNG@74f0ea28]" started-at="2021-10-11T14:57:37 BST" name="AnimalTypes" finished-at="2021-10-11T14:57:37 BST" duration-ms="626" status="PASS">
          <reporter-output>
          </reporter-output>
        </test-method> <!-- AnimalTypes -->
        <test-method signature="ClinicName()[pri:0, instance:EzyvetTestNG.ezyvetDemoTestNG@74f0ea28]" started-at="2021-10-11T14:57:37 BST" name="ClinicName" finished-at="2021-10-11T14:57:38 BST" duration-ms="888" status="PASS">
          <reporter-output>
          </reporter-output>
        </test-method> <!-- ClinicName -->
        <test-method signature="Country()[pri:0, instance:EzyvetTestNG.ezyvetDemoTestNG@74f0ea28]" started-at="2021-10-11T14:57:38 BST" name="Country" finished-at="2021-10-11T14:57:39 BST" duration-ms="368" status="PASS">
          <reporter-output>
          </reporter-output>
        </test-method> <!-- Country -->
        <test-method signature="Email()[pri:0, instance:EzyvetTestNG.ezyvetDemoTestNG@74f0ea28]" started-at="2021-10-11T14:57:39 BST" name="Email" finished-at="2021-10-11T14:57:39 BST" duration-ms="320" status="PASS">
          <reporter-output>
          </reporter-output>
        </test-method> <!-- Email -->
        <test-method signature="FirstName()[pri:0, instance:EzyvetTestNG.ezyvetDemoTestNG@74f0ea28]" started-at="2021-10-11T14:57:39 BST" name="FirstName" finished-at="2021-10-11T14:57:39 BST" duration-ms="361" status="PASS">
          <reporter-output>
          </reporter-output>
        </test-method> <!-- FirstName -->
        <test-method signature="How_Did_You_Hear_About_Us()[pri:0, instance:EzyvetTestNG.ezyvetDemoTestNG@74f0ea28]" started-at="2021-10-11T14:57:39 BST" name="How_Did_You_Hear_About_Us" finished-at="2021-10-11T14:57:40 BST" duration-ms="317" status="PASS">
          <reporter-output>
          </reporter-output>
        </test-method> <!-- How_Did_You_Hear_About_Us -->
        <test-method signature="I_agree_to_receive_email_from_ezyVet()[pri:0, instance:EzyvetTestNG.ezyvetDemoTestNG@74f0ea28]" started-at="2021-10-11T14:57:40 BST" name="I_agree_to_receive_email_from_ezyVet" finished-at="2021-10-11T14:57:40 BST" duration-ms="265" status="PASS">
          <reporter-output>
          </reporter-output>
        </test-method> <!-- I_agree_to_receive_email_from_ezyVet -->
        <test-method signature="LastName()[pri:0, instance:EzyvetTestNG.ezyvetDemoTestNG@74f0ea28]" started-at="2021-10-11T14:57:40 BST" name="LastName" finished-at="2021-10-11T14:57:40 BST" duration-ms="154" status="PASS">
          <reporter-output>
          </reporter-output>
        </test-method> <!-- LastName -->
        <test-method signature="PhoneAreaCode()[pri:0, instance:EzyvetTestNG.ezyvetDemoTestNG@74f0ea28]" started-at="2021-10-11T14:57:40 BST" name="PhoneAreaCode" finished-at="2021-10-11T14:57:40 BST" duration-ms="325" status="PASS">
          <reporter-output>
          </reporter-output>
        </test-method> <!-- PhoneAreaCode -->
        <test-method signature="Phonenumber()[pri:0, instance:EzyvetTestNG.ezyvetDemoTestNG@74f0ea28]" started-at="2021-10-11T14:57:40 BST" name="Phonenumber" finished-at="2021-10-11T14:57:41 BST" duration-ms="252" status="PASS">
          <reporter-output>
          </reporter-output>
        </test-method> <!-- Phonenumber -->
        <test-method signature="Services()[pri:0, instance:EzyvetTestNG.ezyvetDemoTestNG@74f0ea28]" started-at="2021-10-11T14:57:41 BST" name="Services" finished-at="2021-10-11T14:57:41 BST" duration-ms="1" status="FAIL">
          <exception class="java.lang.Error">
            <message>
              <![CDATA[Unresolved compilation problem: 
Syntax error, insert "}" to complete Block
]]>
            </message>
            <full-stacktrace>
              <![CDATA[java.lang.Error: Unresolved compilation problem: 
Syntax error, insert "}" to complete Block

at EzyvetTestNG.ezyvetDemoTestNG.Services(ezyvetDemoTestNG.java:160)
at java.base/jdk.internal.reflect.NativeMethodAccessorImpl.invoke0(Native Method)
at java.base/jdk.internal.reflect.NativeMethodAccessorImpl.invoke(NativeMethodAccessorImpl.java:64)
at java.base/jdk.internal.reflect.DelegatingMethodAccessorImpl.invoke(DelegatingMethodAccessorImpl.java:43)
at java.base/java.lang.reflect.Method.invoke(Method.java:564)
at org.testng.internal.MethodInvocationHelper.invokeMethod(MethodInvocationHelper.java:133)
at org.testng.internal.TestInvoker.invokeMethod(TestInvoker.java:598)
at org.testng.internal.TestInvoker.invokeTestMethod(TestInvoker.java:173)
at org.testng.internal.MethodRunner.runInSequence(MethodRunner.java:46)
at org.testng.internal.TestInvoker$MethodInvocationAgent.invoke(TestInvoker.java:824)
at org.testng.internal.TestInvoker.invokeTestMethods(TestInvoker.java:146)
at org.testng.internal.TestMethodWorker.invokeTestMethods(TestMethodWorker.java:146)
at org.testng.internal.TestMethodWorker.run(TestMethodWorker.java:128)
at java.base/java.util.ArrayList.forEach(ArrayList.java:1511)
at org.testng.TestRunner.privateRun(TestRunner.java:794)
at org.testng.TestRunner.run(TestRunner.java:596)
at org.testng.SuiteRunner.runTest(SuiteRunner.java:377)
at org.testng.SuiteRunner.runSequentially(SuiteRunner.java:371)
at org.testng.SuiteRunner.privateRun(SuiteRunner.java:332)
at org.testng.SuiteRunner.run(SuiteRunner.java:276)
at org.testng.SuiteRunnerWorker.runSuite(SuiteRunnerWorker.java:53)
at org.testng.SuiteRunnerWorker.run(SuiteRunnerWorker.java:96)
at org.testng.TestNG.runSuitesSequentially(TestNG.java:1212)
at org.testng.TestNG.runSuitesLocally(TestNG.java:1134)
at org.testng.TestNG.runSuites(TestNG.java:1063)
at org.testng.TestNG.run(TestNG.java:1031)
at org.testng.remote.AbstractRemoteTestNG.run(AbstractRemoteTestNG.java:115)
at org.testng.remote.RemoteTestNG.initAndRun(RemoteTestNG.java:251)
at org.testng.remote.RemoteTestNG.main(RemoteTestNG.java:77)
]]>
            </full-stacktrace>
          </exception> <!-- java.lang.Error -->
          <reporter-output>
          </reporter-output>
        </test-method> <!-- Services -->
        <test-method signature="Submit()[pri:0, instance:EzyvetTestNG.ezyvetDemoTestNG@74f0ea28]" started-at="2021-10-11T14:57:41 BST" name="Submit" finished-at="2021-10-11T14:57:42 BST" duration-ms="1155" status="PASS">
          <reporter-output>
          </reporter-output>
        </test-method> <!-- Submit -->
        <test-method signature="What_are_you_looking_for()[pri:0, instance:EzyvetTestNG.ezyvetDemoTestNG@74f0ea28]" started-at="2021-10-11T14:57:42 BST" name="What_are_you_looking_for" finished-at="2021-10-11T14:57:42 BST" duration-ms="11" status="FAIL">
          <exception class="org.openqa.selenium.NoSuchSessionException">
            <message>
              <![CDATA[Session ID is null. Using WebDriver after calling quit()?
Build info: version: '3.141.59', revision: 'e82be7d358', time: '2018-11-14T08:17:03'
System info: host: 'LAPTOP-969R18B4', ip: '192.168.0.216', os.name: 'Windows 10', os.arch: 'amd64', os.version: '10.0', java.version: '15.0.1'
Driver info: driver.version: RemoteWebDriver]]>
            </message>
            <full-stacktrace>
              <![CDATA[org.openqa.selenium.NoSuchSessionException: Session ID is null. Using WebDriver after calling quit()?
Build info: version: '3.141.59', revision: 'e82be7d358', time: '2018-11-14T08:17:03'
System info: host: 'LAPTOP-969R18B4', ip: '192.168.0.216', os.name: 'Windows 10', os.arch: 'amd64', os.version: '10.0', java.version: '15.0.1'
Driver info: driver.version: RemoteWebDriver
at org.openqa.selenium.remote.HttpCommandExecutor.execute(HttpCommandExecutor.java:125)
at org.openqa.selenium.remote.service.DriverCommandExecutor.execute(DriverCommandExecutor.java:83)
at org.openqa.selenium.remote.RemoteWebDriver.execute(RemoteWebDriver.java:552)
at org.openqa.selenium.remote.RemoteWebDriver.executeScript(RemoteWebDriver.java:489)
at EzyvetTestNG.ezyvetDemoTestNG.What_are_you_looking_for(ezyvetDemoTestNG.java:267)
at java.base/jdk.internal.reflect.NativeMethodAccessorImpl.invoke0(Native Method)
at java.base/jdk.internal.reflect.NativeMethodAccessorImpl.invoke(NativeMethodAccessorImpl.java:64)
at java.base/jdk.internal.reflect.DelegatingMethodAccessorImpl.invoke(DelegatingMethodAccessorImpl.java:43)
at java.base/java.lang.reflect.Method.invoke(Method.java:564)
at org.testng.internal.MethodInvocationHelper.invokeMethod(MethodInvocationHelper.java:133)
at org.testng.internal.TestInvoker.invokeMethod(TestInvoker.java:598)
at org.testng.internal.TestInvoker.invokeTestMethod(TestInvoker.java:173)
at org.testng.internal.MethodRunner.runInSequence(MethodRunner.java:46)
at org.testng.internal.TestInvoker$MethodInvocationAgent.invoke(TestInvoker.java:824)
at org.testng.internal.TestInvoker.invokeTestMethods(TestInvoker.java:146)
at org.testng.internal.TestMethodWorker.invokeTestMethods(TestMethodWorker.java:146)
at org.testng.internal.TestMethodWorker.run(TestMethodWorker.java:128)
at java.base/java.util.ArrayList.forEach(ArrayList.java:1511)
at org.testng.TestRunner.privateRun(TestRunner.java:794)
at org.testng.TestRunner.run(TestRunner.java:596)
at org.testng.SuiteRunner.runTest(SuiteRunner.java:377)
at org.testng.SuiteRunner.runSequentially(SuiteRunner.java:371)
at org.testng.SuiteRunner.privateRun(SuiteRunner.java:332)
at org.testng.SuiteRunner.run(SuiteRunner.java:276)
at org.testng.SuiteRunnerWorker.runSuite(SuiteRunnerWorker.java:53)
at org.testng.SuiteRunnerWorker.run(SuiteRunnerWorker.java:96)
at org.testng.TestNG.runSuitesSequentially(TestNG.java:1212)
at org.testng.TestNG.runSuitesLocally(TestNG.java:1134)
at org.testng.TestNG.runSuites(TestNG.java:1063)
at org.testng.TestNG.run(TestNG.java:1031)
at org.testng.remote.AbstractRemoteTestNG.run(AbstractRemoteTestNG.java:115)
at org.testng.remote.RemoteTestNG.initAndRun(RemoteTestNG.java:251)
at org.testng.remote.RemoteTestNG.main(RemoteTestNG.java:77)
]]>
            </full-stacktrace>
          </exception> <!-- org.openqa.selenium.NoSuchSessionException -->
          <reporter-output>
          </reporter-output>
        </test-method> <!-- What_are_you_looking_for -->
        <test-method signature="extraServices()[pri:0, instance:EzyvetTestNG.ezyvetDemoTestNG@74f0ea28]" started-at="2021-10-11T14:57:42 BST" name="extraServices" finished-at="2021-10-11T14:57:42 BST" duration-ms="12" status="FAIL">
          <exception class="org.openqa.selenium.NoSuchSessionException">
            <message>
              <![CDATA[Session ID is null. Using WebDriver after calling quit()?
Build info: version: '3.141.59', revision: 'e82be7d358', time: '2018-11-14T08:17:03'
System info: host: 'LAPTOP-969R18B4', ip: '192.168.0.216', os.name: 'Windows 10', os.arch: 'amd64', os.version: '10.0', java.version: '15.0.1'
Driver info: driver.version: RemoteWebDriver]]>
            </message>
            <full-stacktrace>
              <![CDATA[org.openqa.selenium.NoSuchSessionException: Session ID is null. Using WebDriver after calling quit()?
Build info: version: '3.141.59', revision: 'e82be7d358', time: '2018-11-14T08:17:03'
System info: host: 'LAPTOP-969R18B4', ip: '192.168.0.216', os.name: 'Windows 10', os.arch: 'amd64', os.version: '10.0', java.version: '15.0.1'
Driver info: driver.version: RemoteWebDriver
at org.openqa.selenium.remote.HttpCommandExecutor.execute(HttpCommandExecutor.java:125)
at org.openqa.selenium.remote.service.DriverCommandExecutor.execute(DriverCommandExecutor.java:83)
at org.openqa.selenium.remote.RemoteWebDriver.execute(RemoteWebDriver.java:552)
at org.openqa.selenium.remote.RemoteWebDriver.findElement(RemoteWebDriver.java:323)
at org.openqa.selenium.remote.RemoteWebDriver.findElementByXPath(RemoteWebDriver.java:428)
at org.openqa.selenium.By$ByXPath.findElement(By.java:353)
at org.openqa.selenium.remote.RemoteWebDriver.findElement(RemoteWebDriver.java:315)
at org.openqa.selenium.support.ui.ExpectedConditions$7.apply(ExpectedConditions.java:205)
at org.openqa.selenium.support.ui.ExpectedConditions$7.apply(ExpectedConditions.java:201)
at org.openqa.selenium.support.ui.FluentWait.until(FluentWait.java:249)
at EzyvetTestNG.ezyvetDemoTestNG.extraServices(ezyvetDemoTestNG.java:189)
at java.base/jdk.internal.reflect.NativeMethodAccessorImpl.invoke0(Native Method)
at java.base/jdk.internal.reflect.NativeMethodAccessorImpl.invoke(NativeMethodAccessorImpl.java:64)
at java.base/jdk.internal.reflect.DelegatingMethodAccessorImpl.invoke(DelegatingMethodAccessorImpl.java:43)
at java.base/java.lang.reflect.Method.invoke(Method.java:564)
at org.testng.internal.MethodInvocationHelper.invokeMethod(MethodInvocationHelper.java:133)
at org.testng.internal.TestInvoker.invokeMethod(TestInvoker.java:598)
at org.testng.internal.TestInvoker.invokeTestMethod(TestInvoker.java:173)
at org.testng.internal.MethodRunner.runInSequence(MethodRunner.java:46)
at org.testng.internal.TestInvoker$MethodInvocationAgent.invoke(TestInvoker.java:824)
at org.testng.internal.TestInvoker.invokeTestMethods(TestInvoker.java:146)
at org.testng.internal.TestMethodWorker.invokeTestMethods(TestMethodWorker.java:146)
at org.testng.internal.TestMethodWorker.run(TestMethodWorker.java:128)
at java.base/java.util.ArrayList.forEach(ArrayList.java:1511)
at org.testng.TestRunner.privateRun(TestRunner.java:794)
at org.testng.TestRunner.run(TestRunner.java:596)
at org.testng.SuiteRunner.runTest(SuiteRunner.java:377)
at org.testng.SuiteRunner.runSequentially(SuiteRunner.java:371)
at org.testng.SuiteRunner.privateRun(SuiteRunner.java:332)
at org.testng.SuiteRunner.run(SuiteRunner.java:276)
at org.testng.SuiteRunnerWorker.runSuite(SuiteRunnerWorker.java:53)
at org.testng.SuiteRunnerWorker.run(SuiteRunnerWorker.java:96)
at org.testng.TestNG.runSuitesSequentially(TestNG.java:1212)
at org.testng.TestNG.runSuitesLocally(TestNG.java:1134)
at org.testng.TestNG.runSuites(TestNG.java:1063)
at org.testng.TestNG.run(TestNG.java:1031)
at org.testng.remote.AbstractRemoteTestNG.run(AbstractRemoteTestNG.java:115)
at org.testng.remote.RemoteTestNG.initAndRun(RemoteTestNG.java:251)
at org.testng.remote.RemoteTestNG.main(RemoteTestNG.java:77)
]]>
            </full-stacktrace>
          </exception> <!-- org.openqa.selenium.NoSuchSessionException -->
          <reporter-output>
          </reporter-output>
        </test-method> <!-- extraServices -->
        <test-method signature="staffCountDetails()[pri:0, instance:EzyvetTestNG.ezyvetDemoTestNG@74f0ea28]" started-at="2021-10-11T14:57:42 BST" name="staffCountDetails" finished-at="2021-10-11T14:57:42 BST" duration-ms="5" status="PASS">
          <reporter-output>
          </reporter-output>
        </test-method> <!-- staffCountDetails -->
        <test-method is-config="true" signature="quitbrowser()[pri:0, instance:EzyvetTestNG.ezyvetDemoTestNG@74f0ea28]" started-at="2021-10-11T14:57:42 BST" name="quitbrowser" finished-at="2021-10-11T14:57:42 BST" duration-ms="1" status="PASS">
          <reporter-output>
          </reporter-output>
        </test-method> <!-- quitbrowser -->
      </class> <!-- EzyvetTestNG.ezyvetDemoTestNG -->
    </test> <!-- Default test -->
  </suite> <!-- Default suite -->
</testng-results>
